<?xml version="1.0" encoding="UTF-8"?>
<beans xmlns="http://www.springframework.org/schema/beans"
       xmlns:xsi="http://www.w3.org/2001/XMLSchema-instance"
       xmlns:aop="http://www.springframework.org/schema/aop"
       xmlns:tx="http://www.springframework.org/schema/tx"
       xsi:schemaLocation="http://www.springframework.org/schema/beans
                           http://www.springframework.org/schema/beans/spring-beans.xsd
                           http://www.springframework.org/schema/aop
                           http://www.springframework.org/schema/aop/spring-aop-3.0.xsd
                           http://www.springframework.org/schema/tx
                           http://www.springframework.org/schema/tx/spring-tx-2.5.xsd">

    <bean id="dataSource" class="org.springframework.jdbc.datasource.SimpleDriverDataSource">
        <property name="driverClass" value="com.mysql.jdbc.Driver"/>
        <property name="url" value="jdbc:mysql://localhost/test_toby_spring?serverTimezone=UTC"/>
        <property name="username" value="toby_spring"/>
        <property name="password" value="toby_spring"/>
    </bean>

    <bean id="transactionManager" class="org.springframework.jdbc.datasource.DataSourceTransactionManager">
        <property name="dataSource" ref="dataSource"/>
    </bean>

    <bean id="userDao" class="me.gicheol.dao.UserDaoJdbc">
        <property name="dataSource" ref="dataSource"/>
    </bean>

    <bean id="mailSender" class="me.gicheol.service.DummyMailSender"/>


    <tx:advice id="transactionAdvice">
        <tx:attributes>
            <tx:method name="get*" read-only="true"/>
            <tx:method name="*"/>
        </tx:attributes>
    </tx:advice>

    <aop:config>
        <aop:advisor advice-ref="transactionAdvice" pointcut="bean(*Service)"/>
    </aop:config>


    <bean id="userService" class="me.gicheol.service.UserServiceImpl">
        <property name="userDao" ref="userDao"/>
        <property name="mailSender" ref="mailSender"/>
    </bean>

    <bean id="testUserService" class="me.gicheol.test.UserServiceTest$TestUserServiceImpl"
          parent="userService"/>

</beans>