<?xml version="1.0" encoding="UTF-8"?>
<beans xmlns="http://www.springframework.org/schema/beans"
       xmlns:xsi="http://www.w3.org/2001/XMLSchema-instance"
       xsi:schemaLocation="http://www.springframework.org/schema/beans http://www.springframework.org/schema/beans/spring-beans.xsd">

    <bean id="dataSource" class="org.springframework.jdbc.datasource.SimpleDriverDataSource">
        <property name="driverClass" value="com.mysql.jdbc.Driver"/>
        <property name="url" value="jdbc:mysql://localhost/test_toby_spring?serverTimezone=UTC"/>
        <property name="username" value="toby_spring"/>
        <property name="password" value="toby_spring"/>
    </bean>

    <bean id="transactionManager" class="org.springframework.jdbc.datasource.DataSourceTransactionManager">
        <property name="dataSource" ref="dataSource"/>
    </bean>

    <bean id="userDao" class="me.gicheol.dao.UserDaoJdbc">
        <property name="dataSource" ref="dataSource"/>
    </bean>

    <bean id="mailSender" class="me.gicheol.service.DummyMailSender"/>


    <bean id="userService" class="me.gicheol.service.UserServiceTx">
        <property name="transactionManager" ref="transactionManager"/>
        <property name="userService" ref="userServiceImpl"/>
    </bean>

    <bean id="userServiceImpl" class="me.gicheol.service.UserServiceImpl">
        <property name="userDao" ref="userDao"/>
        <property name="mailSender" ref="mailSender"/>
    </bean>

</beans>