<?xml version="1.0" encoding="UTF-8"?>
<beans xmlns="http://www.springframework.org/schema/beans"
       xmlns:xsi="http://www.w3.org/2001/XMLSchema-instance"
       xmlns:tx="http://www.springframework.org/schema/tx"
       xsi:schemaLocation="http://www.springframework.org/schema/beans
                           http://www.springframework.org/schema/beans/spring-beans.xsd
                           http://www.springframework.org/schema/tx
                           http://www.springframework.org/schema/tx/spring-tx-2.5.xsd">

    <bean id="dataSource" class="org.springframework.jdbc.datasource.SimpleDriverDataSource">
        <property name="driverClass" value="com.mysql.jdbc.Driver"/>
        <property name="url" value="jdbc:mysql://localhost/test_toby_spring?serverTimezone=UTC"/>
        <property name="username" value="toby_spring"/>
        <property name="password" value="toby_spring"/>
    </bean>

    <bean id="transactionManager" class="org.springframework.jdbc.datasource.DataSourceTransactionManager">
        <property name="dataSource" ref="dataSource"/>
    </bean>

    <bean id="userDao" class="me.gicheol.dao.UserDaoJdbc">
        <property name="dataSource" ref="dataSource"/>
        <property name="sqlService" ref="sqlService"/>
    </bean>

    <bean id="sqlService" class="me.gicheol.sql.SimpleSqlService">
        <property name="sqlMap">
            <map>
                <entry key="add" value="INSERT INTO users(id, name, password, email, level, login, recommend) VALUES (?, ?, ?, ?, ?, ?, ?)"/>
                <entry key="get" value="SELECT * FROM users WHERE id = ?"/>
                <entry key="getAll" value="SELECT * FROM users ORDER BY id"/>
                <entry key="delete" value="DELETE FROM users"/>
                <entry key="getCount" value="SELECT COUNT(*) FROM users"/>
                <entry key="update" value="UPDATE users SET name = ?, password = ?, email = ?, level = ?, login = ?, recommend = ? WHERE id = ?"/>
            </map>
        </property>
    </bean>

    <bean id="mailSender" class="me.gicheol.service.DummyMailSender"/>

    <tx:annotation-driven />


    <bean id="userService" class="me.gicheol.service.UserServiceImpl">
        <property name="userDao" ref="userDao"/>
        <property name="mailSender" ref="mailSender"/>
    </bean>

    <bean id="testUserService" class="me.gicheol.test.UserServiceTest$TestUserService"
          parent="userService"/>

</beans>