<?xml version="1.0" encoding="UTF-8"?>
<beans xmlns="http://www.springframework.org/schema/beans"
       xmlns:xsi="http://www.w3.org/2001/XMLSchema-instance"
       xmlns:tx="http://www.springframework.org/schema/tx"
       xmlns:jdbc="http://www.springframework.org/schema/jdbc"
       xsi:schemaLocation="http://www.springframework.org/schema/beans http://www.springframework.org/schema/beans/spring-beans-3.0.xsd
                           http://www.springframework.org/schema/tx http://www.springframework.org/schema/tx/spring-tx-3.0.xsd
                           http://www.springframework.org/schema/jdbc http://www.springframework.org/schema/jdbc/spring-jdbc-3.0.xsd">

    <bean id="transactionManager" class="org.springframework.jdbc.datasource.DataSourceTransactionManager">
        <property name="dataSource" ref="dataSource"/>
    </bean>

    <bean id="userDao" class="me.gicheol.dao.UserDaoJdbc">
        <property name="dataSource" ref="dataSource"/>
        <property name="sqlService" ref="sqlService"/>
    </bean>

    <bean id="unmarshaller" class="org.springframework.oxm.jaxb.Jaxb2Marshaller">
        <property name="contextPath" value="me.gicheol.sql.jaxb"/>
    </bean>

    <bean id="sqlService" class="me.gicheol.sql.OxmSqlService">
        <property name="unmarshaller" ref="unmarshaller"/>
        <property name="sqlRegistry" ref="sqlRegistry"/>
    </bean>

    <bean id="sqlRegistry" class="me.gicheol.sql.EmbeddedDbSqlRegistry">
        <property name="dataSource" ref="embeddedDatabase"/>
    </bean>

    <jdbc:embedded-database id="embeddedDatabase" type="HSQL">
        <jdbc:script location="classpath:/me/gicheol/sql/sql/sqlRegistrySchema.sql"/>
    </jdbc:embedded-database>

    <bean id="mailSender" class="me.gicheol.service.DummyMailSender"/>

    <tx:annotation-driven />


    <bean id="userService" class="me.gicheol.service.UserServiceImpl">
        <property name="userDao" ref="userDao"/>
        <property name="mailSender" ref="mailSender"/>
    </bean>

    <bean id="testUserService" class="me.gicheol.test.UserServiceTest$TestUserService"
          parent="userService"/>

</beans>