<?xml version="1.0" encoding="UTF-8"?>
<beans xmlns="http://www.springframework.org/schema/beans"
       xmlns:xsi="http://www.w3.org/2001/XMLSchema-instance"
       xsi:schemaLocation="http://www.springframework.org/schema/beans http://www.springframework.org/schema/beans/spring-beans.xsd">

    <bean id="dataSource" class="org.springframework.jdbc.datasource.SimpleDriverDataSource">
        <property name="driverClass" value="com.mysql.jdbc.Driver"/>
        <property name="url" value="jdbc:mysql://localhost/test_toby_spring?serverTimezone=UTC"/>
        <property name="username" value="toby_spring"/>
        <property name="password" value="toby_spring"/>
    </bean>

    <bean id="transactionManager" class="org.springframework.jdbc.datasource.DataSourceTransactionManager">
        <property name="dataSource" ref="dataSource"/>
    </bean>

    <bean id="userDao" class="me.gicheol.dao.UserDaoJdbc">
        <property name="dataSource" ref="dataSource"/>
    </bean>

    <bean id="mailSender" class="me.gicheol.service.DummyMailSender"/>


    <bean class="org.springframework.aop.framework.autoproxy.DefaultAdvisorAutoProxyCreator"/>

    <bean id="transactionAdvice" class="me.gicheol.service.TransactionAdvice">
        <property name="transactionManager" ref="transactionManager"/>
    </bean>

    <bean id="transactionPointcut" class="org.springframework.aop.aspectj.AspectJExpressionPointcut">
        <property name="expression" value="execution(* *..*ServiceImpl.upgrade*(..))"/>
    </bean>

    <bean id="transactionAdvisor" class="org.springframework.aop.support.DefaultPointcutAdvisor">
        <property name="advice" ref="transactionAdvice"/>
        <property name="pointcut" ref="transactionPointcut"/>
    </bean>


    <bean id="userService" class="me.gicheol.service.UserServiceImpl">
        <property name="userDao" ref="userDao"/>
        <property name="mailSender" ref="mailSender"/>
    </bean>

    <bean id="testUserService" class="me.gicheol.test.UserServiceTest$TestUserServiceImpl"
          parent="userService"/>

</beans>